8c8
< 27986|27986 263237 16849 271915 7004 20015 22047 27979 28047 28319 61503 61506 61524 61526 61527 64112 64113 64121 64127 262167 262213 262256 263702 264814 264838 264854 265656 265662 265672 265675 265757 265830 266771 266801 266830 266844 267733 267748 269828 270024 271783 271854 7418 13424 14259 15311 16742 16780 19338 22661 27880 52353 52396 52441 263807 265769 266726 267717 265743 266852 266857 266870 269733 269877 13381 266835 266866 263784 52511 263753 264641 266731 266779 266795 266803 266818 266910 267724 267746 267818 267908 269774 269925 269993 270034 270056 270102 271777 271839 271846 271869 271896 272025 64129 64131 265858 52510 264806 266878 266887 269793 269956 271803 271817 271843 27680 27901 52341 13774 14117 14708 16874 17147 18822 21753 22860 27659 27732 27746 27838 27888 27904 28044 28099 52267 52310 52411 52452 52460 52479 61492 64108 262155 262224 262228 262233 263688 264775 265644 265703 265839 266715 266776 266855 266864 266901 267728 267826 269967 271849 16629 52439 19411 27995 61483 263173 267776 267863 269947 266713 267758 270014 272031 264802 271778 52435 264664 266706 266840 267697 269944 271867 270050 263700 265831 267677 267745 267859 6429 19196 23416 27677 52230 52248 52315 264681 264707 264839 266662 266765 266881 266891 267851 267926 271788 16471 27836 6535 10778 14795 16990 25718 27678 27735 27899 27918 27952 28098 61444 61460 61507 264636 264670 264729 264730 267753 267868 4995 52246 262237 52234 52304 52305 52306 266724 263826
---
> 27986|27986 16849
180c180
< 263237|263237 271915 7004 20015 22047 27979 28047 28319 61503 61506 61524 61526 61527 64112 64113 64121 64127 262167 262213 262256 263702 264814 264838 264854 265656 265662 265672 265675 265757 265830 266771 266801 266830 266844 267733 267748 269828 270024 271783 271854 7418 13424 14259 15311 16742 19338 22661 27880 52353 52396 52441 263807 265769 266726 267717 265743 266852 266857 266870 269733 269877 13381 266835 266866 263784 52511 263753 264641 266731 266779 266795 266803 266818 266910 267724 267746 267818 267908 269774 269925 269993 270034 270056 270102 271777 271839 271846 271869 271896 272025 64129 64131 265858 52510 264806 266878 266887 269793 269956 271803 271817 271843 27680 27901 52341 13774 14117 14708 16874 17147 18822 21753 22860 27659 27732 27746 27838 27888 27904 28044 28099 52267 52310 52411 52452 52460 52479 61492 64108 262155 262224 262228 262233 263688 264775 265644 265703 265839 266715 266776 266855 266864 266901 267728 267826 269967 271849 16629 52439 19411 27995 61483 263173 267776 267863 269947 266713 267758 270014 272031 264802 271778 52435 264664 266706 266840 267697 269944 271867 270050 263700 265831 267677 267745 267859 6429 19196 23416 27677 52230 52248 52315 264681 264707 264839 266662 266765 266881 266891 267851 267926 271788 16471 27836 6535 10778 14795 16990 25718 27735 27899 27918 27952 28098 61444 61460 61507 264636 264670 264729 264730 267753 267868 4995 52246 262237 266724 263826
---
> 263237|263237 271915 20015 22047 27979 28047 28319 61503 61506 61524 61526 61527 64112 64113 64121 64127 262167 262213 262256 264814 264838 264854 265656 265662 265672 265675 265757 265830 266771 266801 266830 266844 267733 267748 269828 270024 271783 271854 265743 266852 266857 266870 269733 269877 266835 266866 263784 64131 265858 64129 52510 264806 266878 266887 269793 271803 269956 270014 267758 272031
217c217
< 27986|27986 263237 16849 271915 7004 20015 22047 27979 28047 28319 61503 61506 61524 61526 61527 64112 64113 64121 64127 262167 262213 262256 263702 264814 264838 264854 265656 265662 265672 265675 265757 265830 266771 266801 266830 266844 267733 267748 269828 270024 271783 271854 7418 13424 14259 15311 16742 16780 19338 22661 27880 52353 52396 52441 263807 265769 266726 267717 265743 266852 266857 266870 269733 269877 13381 266835 266866 263784 52511 263753 264641 266731 266779 266795 266803 266818 266910 267724 267746 267818 267908 269774 269925 269993 270034 270056 270102 271777 271839 271846 271869 271896 272025 64129 64131 265858 52510 264806 266878 266887 269793 269956 271803 271817 271843 27680 27901 52341 13774 14117 14708 16874 17147 18822 21753 22860 27659 27732 27746 27838 27888 27904 28044 28099 52267 52310 52411 52452 52460 52479 61492 64108 262155 262224 262228 262233 263688 264775 265644 265703 265839 266715 266776 266855 266864 266901 267728 267826 269967 271849 16629 52439 19411 27995 61483 263173 267776 267863 269947 266713 267758 270014 272031 264802 271778 52435 264664 266706 266840 267697 269944 271867 270050 263700 265831 267677 267745 267859 6429 19196 23416 27677 52230 52248 52315 264681 264707 264839 266662 266765 266881 266891 267851 267926 271788 16471 27836 6535 10778 14795 16990 25718 27678 27735 27899 27918 27952 28098 61444 61460 61507 264636 264670 264729 264730 267753 267868 4995 52246 262237 52234 52304 52305 52306 266724 263826
---
> 27986|27986 16849
227c227
< 263702|263702 52511 263753 264641 266795 266818 266910 267724 267746 267818 267908 269774 269925 270034 270102 271777 271839 271846 271896 267863 269947 266713
---
> 263702|263702 52511 263753 264641 266795 266818 266910 267724 267746 267818 267908 269774 269925 270034 270102 271777 271839 271846 271896 269947 267863 266713
290c290
< 263237 266779|263237 266779 271915 7004 20015 22047 27979 28047 28319 61503 61506 61524 61526 61527 64112 64113 64121 64127 262167 262213 262256 263702 264814 264838 264854 265656 265662 265672 265675 265757 265830 266771 266801 266830 266844 267733 267748 269828 270024 271783 271854 267776 7418 13424 14259 15311 16742 19338 22661 27880 52353 52396 52441 263807 265769 266726 267717 265743 266852 266857 266870 269733 269877 13381 266835 266866 263784 52511 263753 264641 266731 266795 266803 266818 266910 267724 267746 267818 267908 269774 269925 269993 270034 270056 270102 271777 271839 271846 271869 271896 272025 64129 64131 265858 52510 264806 266878 266887 269793 269956 271803 271817 271843 27680 27901 52341 13774 14117 14708 16874 17147 18822 21753 22860 27659 27732 27746 27838 27888 27904 28044 28099 52267 52310 52411 52452 52460 52479 61492 64108 262155 262224 262228 262233 263688 264775 265644 265703 265839 266715 266776 266855 266864 266901 267728 267826 269967 271849 16629 52439 19411 27995 61483 263173 267863 269947 266713 267758 270014 272031 264802 271778 52435 264664 266706 266840 267697 269944 271867 270050 263700 265831 267677 267745 267859 6429 19196 23416 27677 52230 52248 52315 264681 264707 264839 266662 266765 266881 266891 267851 267926 271788 16471 27836 6535 10778 14795 16990 25718 27735 27899 27918 27952 28098 61444 61460 61507 264636 264670 264729 264730 267753 267868 4995 52246 262237 266724 263826
---
> 263237 266779|263237 266779 271915 20015 22047 27979 28047 28319 61503 61506 61524 61526 61527 64112 64113 64121 64127 262167 262213 262256 264814 264838 264854 265656 265662 265672 265675 265757 265830 266771 266801 266830 266844 267733 267748 269828 270024 271783 271854 267776 265743 266852 266857 266870 269733 269877 266835 266866 263784 64131 265858 64129 52510 264806 266878 266887 269793 271803 269956 270014 267758 272031
298c298
< 263702 271817|263702 271817 52511 263753 264641 266795 266818 266910 267724 267746 267818 267908 269774 269925 270034 270102 271777 271839 271846 271896 267863 269947 266713
---
> 263702 271817|263702 271817 52511 263753 264641 266795 266818 266910 267724 267746 267818 267908 269774 269925 270034 270102 271777 271839 271846 271896 269947 267863 266713
333c333
< 263702 61503|263702 61503 52511 263753 264641 266795 266818 266910 267724 267746 267818 267908 269774 269925 270034 270102 271777 271839 271846 271896 265743 266852 266857 266870 269733 269877 270056 267863 269947 266713
---
> 263702 61503|263702 61503 52511 263753 264641 266795 266818 266910 267724 267746 267818 267908 269774 269925 270034 270102 271777 271839 271846 271896 265743 266852 266857 266870 269733 269877 270056 269947 267863 266713
345c345
< 263702 4995|263702 4995 52511 263753 264641 266795 266818 266910 267724 267746 267818 267908 269774 269925 270034 270102 271777 271839 271846 271896 267863 269947 266713
---
> 263702 4995|263702 4995 52511 263753 264641 266795 266818 266910 267724 267746 267818 267908 269774 269925 270034 270102 271777 271839 271846 271896 269947 267863 266713
360c360
< 13381 263702|13381 263702 52511 263753 264641 266795 266818 266910 267724 267746 267818 267908 269774 269925 270034 270102 271777 271839 271846 271896 267863 269947 266713
---
> 13381 263702|13381 263702 52511 263753 264641 266795 266818 266910 267724 267746 267818 267908 269774 269925 270034 270102 271777 271839 271846 271896 269947 267863 266713
383c383
< 262213 27986|262213 27986 263237 16849 271915 7004 20015 22047 27979 28047 28319 61503 61506 61524 61526 61527 64112 64113 64121 64127 262167 262256 263702 264814 264838 264854 265656 265662 265672 265675 265757 265830 266771 266801 266830 266844 267733 267748 269828 270024 271783 271854 7418 13424 14259 15311 16742 16780 19338 22661 27880 52353 52396 52441 263807 265769 266726 267717 265743 266852 266857 266870 269733 269877 13381 266835 266866 263784 52511 263753 264641 266731 266779 266795 266803 266818 266910 267724 267746 267818 267908 269774 269925 269993 270034 270056 270102 271777 271839 271846 271869 271896 272025 64129 64131 265858 52510 264806 266878 266887 269793 269956 271803 271817 271843 27680 27901 52341 13774 14117 14708 16874 17147 18822 21753 22860 27659 27732 27746 27838 27888 27904 28044 28099 52267 52310 52411 52452 52460 52479 61492 64108 262155 262224 262228 262233 263688 264775 265644 265703 265839 266715 266776 266855 266864 266901 267728 267826 269967 271849 16629 52439 19411 27995 61483 263173 267776 267863 269947 266713 267758 270014 272031 264802 271778 52435 264664 266706 266840 267697 269944 271867 270050 263700 265831 267677 267745 267859 6429 19196 23416 27677 52230 52248 52315 264681 264707 264839 266662 266765 266881 266891 267851 267926 271788 16471 27836 6535 10778 14795 16990 25718 27678 27735 27899 27918 27952 28098 61444 61460 61507 264636 264670 264729 264730 267753 267868 4995 52246 262237 52234 52304 52305 52306 266724 263826
---
> 262213 27986|262213 27986 16849
416c416
< 11340 263702|11340 263702 20191 23140 52511 263753 264641 266795 266818 266910 267724 267746 267818 267908 269774 269925 270034 270102 271777 271839 271846 271896 267863 269947 266713
---
> 11340 263702|11340 263702 20191 23140 52511 263753 264641 266795 266818 266910 267724 267746 267818 267908 269774 269925 270034 270102 271777 271839 271846 271896 269947 267863 266713
440c440
< 16742 263237|16742 263237 271915 7004 20015 22047 27979 28047 28319 61503 61506 61524 61526 61527 64112 64113 64121 64127 262167 262213 262256 263702 264814 264838 264854 265656 265662 265672 265675 265757 265830 266771 266801 266830 266844 267733 267748 269828 270024 271783 271854 7418 13424 14259 15311 19338 22661 27880 52353 52396 52441 263807 265769 266726 267717 265743 266852 266857 266870 269733 269877 13381 266835 266866 263784 52511 263753 264641 266731 266779 266795 266803 266818 266910 267724 267746 267818 267908 269774 269925 269993 270034 270056 270102 271777 271839 271846 271869 271896 272025 64129 64131 265858 52510 264806 266878 266887 269793 269956 271803 271817 271843 27680 27901 52341 13774 14117 14708 16874 17147 18822 21753 22860 27659 27732 27746 27838 27888 27904 28044 28099 52267 52310 52411 52452 52460 52479 61492 64108 262155 262224 262228 262233 263688 264775 265644 265703 265839 266715 266776 266855 266864 266901 267728 267826 269967 271849 16629 52439 19411 27995 61483 263173 267776 267863 269947 266713 267758 270014 272031 264802 271778 52435 264664 266706 266840 267697 269944 271867 270050 263700 265831 267677 267745 267859 6429 19196 23416 27677 52230 52248 52315 264681 264707 264839 266662 266765 266881 266891 267851 267926 271788 16471 27836 6535 10778 14795 16990 25718 27735 27899 27918 27952 28098 61444 61460 61507 264636 264670 264729 264730 267753 267868 4995 52246 262237 266724 263826
---
> 16742 263237|16742 263237 271915 20015 22047 27979 28047 28319 61503 61506 61524 61526 61527 64112 64113 64121 64127 262167 262213 262256 264814 264838 264854 265656 265662 265672 265675 265757 265830 266771 266801 266830 266844 267733 267748 269828 270024 271783 271854 265743 266852 266857 266870 269733 269877 266835 266866 263784 64131 265858 64129 52510 264806 266878 266887 269793 271803 269956 270014 267758 272031
476c476
< 269993 27986|269993 27986 263237 16849 271915 7004 20015 22047 27979 28047 28319 61503 61506 61524 61526 61527 64112 64113 64121 64127 262167 262213 262256 263702 264814 264838 264854 265656 265662 265672 265675 265757 265830 266771 266801 266830 266844 267733 267748 269828 270024 271783 271854 7418 13424 14259 15311 16742 16780 19338 22661 27880 52353 52396 52441 263807 265769 266726 267717 265743 266852 266857 266870 269733 269877 13381 266835 266866 263784 52511 263753 264641 266731 266779 266795 266803 266818 266910 267724 267746 267818 267908 269774 269925 270034 270056 270102 271777 271839 271846 271869 271896 272025 64129 64131 265858 52510 264806 266878 266887 269793 269956 271803 271817 271843 27680 27901 52341 13774 14117 14708 16874 17147 18822 21753 22860 27659 27732 27746 27838 27888 27904 28044 28099 52267 52310 52411 52452 52460 52479 61492 64108 262155 262224 262228 262233 263688 264775 265644 265703 265839 266715 266776 266855 266864 266901 267728 267826 269967 271849 16629 52439 19411 27995 61483 263173 267776 267863 269947 266713 267758 270014 272031 264802 271778 52435 264664 266706 266840 267697 269944 271867 270050 263700 265831 267677 267745 267859 6429 19196 23416 27677 52230 52248 52315 264681 264707 264839 266662 266765 266881 266891 267851 267926 271788 16471 27836 6535 10778 14795 16990 25718 27678 27735 27899 27918 27952 28098 61444 61460 61507 264636 264670 264729 264730 267753 267868 4995 52246 262237 52234 52304 52305 52306 266724 263826
---
> 269993 27986|269993 27986 16849
556c556
< 13381 23140 27986|13381 23140 27986 263237 16849 271915 7004 20015 22047 27979 28047 28319 61503 61506 61524 61526 61527 64112 64113 64121 64127 262167 262213 262256 263702 264814 264838 264854 265656 265662 265672 265675 265757 265830 266771 266801 266830 266844 267733 267748 269828 270024 271783 271854 7418 13424 14259 15311 16742 16780 19338 22661 27880 52353 52396 52441 263807 265769 266726 267717 265743 266852 266857 266870 269733 269877 266835 266866 263784 52511 263753 264641 266731 266779 266795 266803 266818 266910 267724 267746 267818 267908 269774 269925 269993 270034 270056 270102 271777 271839 271846 271869 271896 272025 64129 64131 265858 52510 264806 266878 266887 269793 269956 271803 271817 271843 27680 27901 52341 13774 14117 14708 16874 17147 18822 21753 22860 27659 27732 27746 27838 27888 27904 28044 28099 52267 52310 52411 52452 52460 52479 61492 64108 262155 262224 262228 262233 263688 264775 265644 265703 265839 266715 266776 266855 266864 266901 267728 267826 269967 271849 16629 52439 19411 27995 61483 263173 267776 267863 269947 266713 267758 270014 272031 264802 271778 52435 264664 266706 266840 267697 269944 271867 270050 263700 265831 267677 267745 267859 6429 19196 23416 27677 52230 52248 52315 264681 264707 264839 266662 266765 266881 266891 267851 267926 271788 16471 27836 6535 10778 14795 16990 25718 27678 27735 27899 27918 27952 28098 61444 61460 61507 264636 264670 264729 264730 267753 267868 4995 52246 262237 52234 52304 52305 52306 266724 263826
---
> 13381 23140 27986|13381 23140 27986 16849
565c565
< 262228 263237 27677|262228 263237 27677 271915 7004 20015 22047 27979 28047 28319 61503 61506 61524 61526 61527 64112 64113 64121 64127 262167 262213 262256 263702 264814 264838 264854 265656 265662 265672 265675 265757 265830 266771 266801 266830 266844 267733 267748 269828 270024 271783 271854 7418 13424 14259 15311 16742 19338 22661 27880 52353 52396 52441 263807 265769 266726 267717 265743 266852 266857 266870 269733 269877 13381 266835 266866 263784 52511 263753 264641 266731 266779 266795 266803 266818 266910 267724 267746 267818 267908 269774 269925 269993 270034 270056 270102 271777 271839 271846 271869 271896 272025 64129 64131 265858 52510 264806 266878 266887 269793 269956 271803 271817 271843 27680 27901 52341 13774 14117 14708 16874 17147 18822 21753 22860 27659 27732 27746 27838 27888 27904 28044 28099 52267 52310 52411 52452 52460 52479 61492 64108 262155 262224 262233 263688 264775 265644 265703 265839 266715 266776 266855 266864 266901 267728 267826 269967 271849 16629 52439 19411 27995 61483 263173 267776 267863 269947 266713 267758 270014 272031 264802 271778 52435 264664 266706 266840 267697 269944 271867 270050 263700 265831 267677 267745 267859 6429 19196 23416 52230 52248 52315 264681 264707 264839 266662 266765 266881 266891 267851 267926 271788 16471 27836 6535 10778 14795 16990 25718 27735 27899 27918 27952 28098 61444 61460 61507 264636 264670 264729 264730 267753 267868 4995 52246 262237 266724 263826
---
> 262228 263237 27677|262228 263237 27677 271915 20015 22047 27979 28047 28319 61503 61506 61524 61526 61527 64112 64113 64121 64127 262167 262213 262256 264814 264838 264854 265656 265662 265672 265675 265757 265830 266771 266801 266830 266844 267733 267748 269828 270024 271783 271854 265743 266852 266857 266870 269733 269877 266835 266866 263784 64131 265858 64129 52510 264806 266878 266887 269793 271803 269956 270014 267758 272031
594c594
< 19338 265703 6429|19338 265703 6429 265831 267677 6535 27952 61444 61507 264636 264670
---
> 19338 265703 6429|19338 265703 6429 265831 267677 6535 264636 27952 61444 61507 264670
609c609
< 266902 27986 64129|266902 27986 64129 263237 16849 271915 7004 20015 22047 27979 28047 28319 61503 61506 61524 61526 61527 64112 64113 64121 64127 262167 262213 262256 263702 264814 264838 264854 265656 265662 265672 265675 265757 265830 266771 266801 266830 266844 267733 267748 269828 270024 271783 271854 7418 13424 14259 15311 16742 16780 19338 22661 27880 52353 52396 52441 263807 265769 266726 267717 265743 266852 266857 266870 269733 269877 13381 266835 266866 263784 52511 263753 264641 266731 266779 266795 266803 266818 266910 267724 267746 267818 267908 269774 269925 269993 270034 270056 270102 271777 271839 271846 271869 271896 272025 64131 265858 52510 264806 266878 266887 269793 269956 271803 271817 271843 27680 27901 52341 13774 14117 14708 16874 17147 18822 21753 22860 27659 27732 27746 27838 27888 27904 28044 28099 52267 52310 52411 52452 52460 52479 61492 64108 262155 262224 262228 262233 263688 264775 265644 265703 265839 266715 266776 266855 266864 266901 267728 267826 269967 271849 16629 52439 19411 27995 61483 263173 267776 267863 269947 266713 267758 270014 272031 264802 271778 52435 264664 266706 266840 267697 269944 271867 270050 263700 265831 267677 267745 267859 6429 19196 23416 27677 52230 52248 52315 264681 264707 264839 266662 266765 266881 266891 267851 267926 271788 16471 27836 6535 10778 14795 16990 25718 27678 27735 27899 27918 27952 28098 61444 61460 61507 264636 264670 264729 264730 267753 267868 4995 52246 262237 52234 52304 52305 52306 266724 263826
---
> 266902 27986 64129|266902 27986 64129 16849
645c645
< 263237 266803 52267|263237 266803 52267 271915 7004 20015 22047 27979 28047 28319 61503 61506 61524 61526 61527 64112 64113 64121 64127 262167 262213 262256 263702 264814 264838 264854 265656 265662 265672 265675 265757 265830 266771 266801 266830 266844 267733 267748 269828 270024 271783 271854 7418 13424 14259 15311 16742 19338 22661 27880 52353 52396 52441 263807 265769 266726 267717 265743 266852 266857 266870 269733 269877 13381 266835 266866 263784 52511 263753 264641 266731 266779 266795 266818 266910 267724 267746 267818 267908 269774 269925 269993 270034 270056 270102 271777 271839 271846 271869 271896 272025 64129 64131 265858 52510 264806 266878 266887 269793 269956 271803 271817 271843 27680 27901 52341 13774 14117 14708 16874 17147 18822 21753 22860 27659 27732 27746 27838 27888 27904 28044 28099 52310 52411 52452 52460 52479 61492 64108 262155 262224 262228 262233 263688 264775 265644 265703 265839 266715 266776 266855 266864 266901 267728 267826 269967 271849 16629 52439 19411 27995 61483 263173 267776 267863 269947 266713 267758 270014 272031 264802 271778 52435 264664 266706 266840 267697 269944 271867 270050 263700 265831 267677 267745 267859 6429 19196 23416 27677 52230 52248 52315 264681 264707 264839 266662 266765 266881 266891 267851 267926 271788 16471 27836 6535 10778 14795 16990 25718 27735 27899 27918 27952 28098 61444 61460 61507 264636 264670 264729 264730 267753 267868 4995 52246 262237 266724 263826
---
> 263237 266803 52267|263237 266803 52267 271915 20015 22047 27979 28047 28319 61503 61506 61524 61526 61527 64112 64113 64121 64127 262167 262213 262256 264814 264838 264854 265656 265662 265672 265675 265757 265830 266771 266801 266830 266844 267733 267748 269828 270024 271783 271854 265743 266852 266857 266870 269733 269877 266835 266866 263784 64131 265858 64129 52510 264806 266878 266887 269793 271803 269956 270014 267758 272031
670c670
< 20015 266818 27986|20015 266818 27986 263237 16849 271915 7004 22047 27979 28047 28319 61503 61506 61524 61526 61527 64112 64113 64121 64127 262167 262213 262256 263702 264814 264838 264854 265656 265662 265672 265675 265757 265830 266771 266801 266830 266844 267733 267748 269828 270024 271783 271854 7418 13424 14259 15311 16742 16780 19338 22661 27880 52353 52396 52441 263807 265769 266726 267717 265743 266852 266857 266870 269733 269877 13381 266835 266866 263784 52511 263753 264641 266731 266779 266795 266803 266910 267724 267746 267818 267908 269774 269925 269993 270034 270056 270102 271777 271839 271846 271869 271896 272025 64129 64131 265858 52510 264806 266878 266887 269793 269956 271803 271817 271843 27680 27901 52341 13774 14117 14708 16874 17147 18822 21753 22860 27659 27732 27746 27838 27888 27904 28044 28099 52267 52310 52411 52452 52460 52479 61492 64108 262155 262224 262228 262233 263688 264775 265644 265703 265839 266715 266776 266855 266864 266901 267728 267826 269967 271849 16629 52439 19411 27995 61483 263173 267776 267863 269947 266713 267758 270014 272031 264802 271778 52435 264664 266706 266840 267697 269944 271867 270050 263700 265831 267677 267745 267859 6429 19196 23416 27677 52230 52248 52315 264681 264707 264839 266662 266765 266881 266891 267851 267926 271788 16471 27836 6535 10778 14795 16990 25718 27678 27735 27899 27918 27952 28098 61444 61460 61507 264636 264670 264729 264730 267753 267868 4995 52246 262237 52234 52304 52305 52306 266724 263826
---
> 20015 266818 27986|20015 266818 27986 16849
683c683
< 263237 264806 27659|263237 264806 27659 271915 7004 20015 22047 27979 28047 28319 61503 61506 61524 61526 61527 64112 64113 64121 64127 262167 262213 262256 263702 264814 264838 264854 265656 265662 265672 265675 265757 265830 266771 266801 266830 266844 267733 267748 269828 270024 271783 271854 270014 270050 7418 13424 14259 15311 16742 19338 22661 27880 52353 52396 52441 263807 265769 266726 267717 265743 266852 266857 266870 267758 269733 269877 13381 266835 266866 263784 52511 263753 264641 266731 266779 266795 266803 266818 266910 267724 267746 267818 267908 269774 269925 269993 270034 270056 270102 271777 271839 271846 271869 271896 272025 64129 64131 265858 52510 266878 266887 269793 269956 271803 271817 271843 272031 27680 27901 52341 13774 14117 14708 16874 17147 18822 21753 22860 27732 27746 27838 27888 27904 28044 28099 52267 52310 52411 52452 52460 52479 61492 64108 262155 262224 262228 262233 263688 264775 265644 265703 265839 266715 266776 266855 266864 266901 267728 267826 269967 271849 16629 52439 19411 27995 61483 263173 267776 267863 269947 266713 264802 271778 52435 264664 266706 266840 267697 269944 271867 263700 265831 267677 267745 267859 6429 19196 23416 27677 52230 52248 52315 264681 264707 264839 266662 266765 266881 266891 267851 267926 271788 16471 27836 6535 10778 14795 16990 25718 27735 27899 27918 27952 28098 61444 61460 61507 264636 264670 264729 264730 267753 267868 4995 52246 262237 266724 263826
---
> 263237 264806 27659|263237 264806 27659 271915 20015 22047 27979 28047 28319 61503 61506 61524 61526 61527 64112 64113 64121 64127 262167 262213 262256 264814 264838 264854 265656 265662 265672 265675 265757 265830 266771 266801 266830 266844 267733 267748 269828 270024 271783 271854 270014 270050 265743 266852 266857 266870 267758 269733 269877 266835 266866 263784 64131 265858 64129 52510 266878 266887 269793 271803 269956 272031
772c772
< 263237 264641 52441|263237 264641 52441 271915 7004 20015 22047 27979 28047 28319 61503 61506 61524 61526 61527 64112 64113 64121 64127 262167 262213 262256 263702 264814 264838 264854 265656 265662 265672 265675 265757 265830 266771 266801 266830 266844 267733 267748 269828 270024 271783 271854 7418 13424 14259 15311 16742 19338 22661 27880 52353 52396 263807 265769 266726 267717 265743 266852 266857 266870 269733 269877 13381 266835 266866 263784 52511 263753 266731 266779 266795 266803 266818 266910 267724 267746 267818 267908 269774 269925 269993 270034 270056 270102 271777 271839 271846 271869 271896 272025 64129 64131 265858 52510 264806 266878 266887 269793 269956 271803 271817 271843 27680 27901 52341 13774 14117 14708 16874 17147 18822 21753 22860 27659 27732 27746 27838 27888 27904 28044 28099 52267 52310 52411 52452 52460 52479 61492 64108 262155 262224 262228 262233 263688 264775 265644 265703 265839 266715 266776 266855 266864 266901 267728 267826 269967 271849 16629 52439 19411 27995 61483 263173 267776 267863 269947 266713 267758 270014 272031 264802 271778 52435 264664 266706 266840 267697 269944 271867 270050 263700 265831 267677 267745 267859 6429 19196 23416 27677 52230 52248 52315 264681 264707 264839 266662 266765 266881 266891 267851 267926 271788 16471 27836 6535 10778 14795 16990 25718 27735 27899 27918 27952 28098 61444 61460 61507 264636 264670 264729 264730 267753 267868 4995 52246 262237 266724 263826
---
> 263237 264641 52441|263237 264641 52441 271915 20015 22047 27979 28047 28319 61503 61506 61524 61526 61527 64112 64113 64121 64127 262167 262213 262256 264814 264838 264854 265656 265662 265672 265675 265757 265830 266771 266801 266830 266844 267733 267748 269828 270024 271783 271854 265743 266852 266857 266870 269733 269877 266835 266866 263784 64131 265858 64129 52510 264806 266878 266887 269793 271803 269956 270014 267758 272031
833c833
< 267818 27986 52353 61526|267818 27986 52353 61526 267863 263237 16849 266835 271915 7004 20015 22047 27979 28047 28319 61503 61506 61524 61527 64112 64113 64121 64127 262167 262213 262256 263702 264814 264838 264854 265656 265662 265672 265675 265757 265830 266771 266801 266830 266844 267733 267748 269828 270024 271783 271854 7418 13424 14259 15311 16742 16780 19338 22661 27880 52396 52441 263807 265769 266726 267717 265743 266852 266857 266870 269733 269877 13381 266866 263784 52511 263753 264641 266731 266779 266795 266803 266818 266910 267724 267746 267908 269774 269925 269947 269993 270034 270056 270102 271777 271839 271846 271869 271896 272025 64129 64131 265858 52510 264806 266878 266887 269793 269956 271803 271817 271843 27680 27901 52341 13774 14117 14708 16874 17147 18822 21753 22860 27659 27732 27746 27838 27888 27904 28044 28099 52267 52310 52411 52452 52460 52479 61492 64108 262155 262224 262228 262233 263688 264775 265644 265703 265839 266715 266776 266855 266864 266901 267728 267826 269967 271849 16629 52439 19411 27995 61483 263173 267776 266713 267758 270014 272031 264802 271778 52435 264664 266706 266840 267697 269944 271867 270050 263700 265831 267677 267745 267859 6429 19196 23416 27677 52230 52248 52315 264681 264707 264839 266662 266765 266881 266891 267851 267926 271788 16471 27836 6535 10778 14795 16990 25718 27678 27735 27899 27918 27952 28098 61444 61460 61507 264636 264670 264729 264730 267753 267868 4995 52246 262237 52234 52304 52305 52306 266724 263826
---
> 267818 27986 52353 61526|267818 27986 52353 61526 267863 16849 266835
845c845
< 263702 267724 267776 267851|263702 267724 267776 267851 52511 263753 264641 266795 266818 266910 267746 267818 267908 269774 269925 270034 270102 271777 271839 271846 271896 267863 269947 266713
---
> 263702 267724 267776 267851|263702 267724 267776 267851 52511 263753 264641 266795 266818 266910 267746 267818 267908 269774 269925 270034 270102 271777 271839 271846 271896 269947 267863 266713
951c951
< 263702 266711 266726 271788|263702 266711 266726 271788 52511 263753 264641 266795 266818 266910 267724 267746 267818 267908 269774 269925 270034 270102 271777 271839 271846 271896 267863 269947 266713
---
> 263702 266711 266726 271788|263702 266711 266726 271788 52511 263753 264641 266795 266818 266910 267724 267746 267818 267908 269774 269925 270034 270102 271777 271839 271846 271896 269947 267863 266713
988c988
< 262167 263237 265830 27659|262167 263237 265830 27659 271915 7004 20015 22047 27979 28047 28319 61503 61506 61524 61526 61527 64112 64113 64121 64127 262213 262256 263702 264814 264838 264854 265656 265662 265672 265675 265757 266771 266801 266830 266844 267733 267748 269828 270024 271783 271854 270050 7418 13424 14259 15311 16742 19338 22661 27880 52353 52396 52441 263807 265769 266726 267717 265743 266852 266857 266870 269733 269877 13381 266835 266866 263784 52511 263753 264641 266731 266779 266795 266803 266818 266910 267724 267746 267818 267908 269774 269925 269993 270034 270056 270102 271777 271839 271846 271869 271896 272025 64129 64131 265858 52510 264806 266878 266887 269793 269956 271803 271817 271843 27680 27901 52341 13774 14117 14708 16874 17147 18822 21753 22860 27732 27746 27838 27888 27904 28044 28099 52267 52310 52411 52452 52460 52479 61492 64108 262155 262224 262228 262233 263688 264775 265644 265703 265839 266715 266776 266855 266864 266901 267728 267826 269967 271849 16629 52439 19411 27995 61483 263173 267776 267863 269947 266713 267758 270014 272031 264802 271778 52435 264664 266706 266840 267697 269944 271867 263700 265831 267677 267745 267859 6429 19196 23416 27677 52230 52248 52315 264681 264707 264839 266662 266765 266881 266891 267851 267926 271788 16471 27836 6535 10778 14795 16990 25718 27735 27899 27918 27952 28098 61444 61460 61507 264636 264670 264729 264730 267753 267868 4995 52246 262237 266724 263826
---
> 262167 263237 265830 27659|262167 263237 265830 27659 271915 20015 22047 27979 28047 28319 61503 61506 61524 61526 61527 64112 64113 64121 64127 262213 262256 264814 264838 264854 265656 265662 265672 265675 265757 266771 266801 266830 266844 267733 267748 269828 270024 271783 271854 270050 265743 266852 266857 266870 269733 269877 266835 266866 263784 64131 265858 64129 52510 264806 266878 266887 269793 271803 269956 270014 267758 272031
990c990
< 265656 269944 27888 27986|265656 269944 27888 27986 263237 16849 271915 7004 20015 22047 27979 28047 28319 61503 61506 61524 61526 61527 64112 64113 64121 64127 262167 262213 262256 263702 264814 264838 264854 265662 265672 265675 265757 265830 266771 266801 266830 266844 267733 267748 269828 270024 271783 271854 7418 13424 14259 15311 16742 16780 19338 22661 27880 52353 52396 52441 263807 265769 266726 267717 265743 266852 266857 266870 269733 269877 13381 266835 266866 263784 52511 263753 264641 266731 266779 266795 266803 266818 266910 267724 267746 267818 267908 269774 269925 269993 270034 270056 270102 271777 271839 271846 271869 271896 272025 64129 64131 265858 52510 264806 266878 266887 269793 269956 271803 271817 271843 27680 27901 52341 13774 14117 14708 16874 17147 18822 21753 22860 27659 27732 27746 27838 27904 28044 28099 52267 52310 52411 52452 52460 52479 61492 64108 262155 262224 262228 262233 263688 264775 265644 265703 265839 266715 266776 266855 266864 266901 267728 267826 269967 271849 16629 52439 19411 27995 61483 263173 267776 267863 269947 266713 267758 270014 272031 264802 271778 52435 264664 266706 266840 267697 271867 270050 263700 265831 267677 267745 267859 6429 19196 23416 27677 52230 52248 52315 264681 264707 264839 266662 266765 266881 266891 267851 267926 271788 16471 27836 6535 10778 14795 16990 25718 27678 27735 27899 27918 27952 28098 61444 61460 61507 264636 264670 264729 264730 267753 267868 4995 52246 262237 52234 52304 52305 52306 266724 263826
---
> 265656 269944 27888 27986|265656 269944 27888 27986 16849
997c997
< 23140 263237 266706 271783|23140 263237 266706 271783 271915 7004 20015 22047 27979 28047 28319 61503 61506 61524 61526 61527 64112 64113 64121 64127 262167 262213 262256 263702 264814 264838 264854 265656 265662 265672 265675 265757 265830 266771 266801 266830 266844 267733 267748 269828 270024 271854 7418 13424 14259 15311 16742 19338 22661 27880 52353 52396 52441 263807 265769 266726 267717 265743 266852 266857 266870 269733 269877 13381 266835 266866 263784 52511 263753 264641 266731 266779 266795 266803 266818 266910 267724 267746 267818 267908 269774 269925 269993 270034 270056 270102 271777 271839 271846 271869 271896 272025 64129 64131 265858 52510 264806 266878 266887 269793 269956 271803 271817 271843 27680 27901 52341 13774 14117 14708 16874 17147 18822 21753 22860 27659 27732 27746 27838 27888 27904 28044 28099 52267 52310 52411 52452 52460 52479 61492 64108 262155 262224 262228 262233 263688 264775 265644 265703 265839 266715 266776 266855 266864 266901 267728 267826 269967 271849 16629 52439 19411 27995 61483 263173 267776 267863 269947 266713 267758 270014 272031 264802 271778 52435 264664 266840 267697 269944 271867 270050 263700 265831 267677 267745 267859 6429 19196 23416 27677 52230 52248 52315 264681 264707 264839 266662 266765 266881 266891 267851 267926 271788 16471 27836 6535 10778 14795 16990 25718 27735 27899 27918 27952 28098 61444 61460 61507 264636 264670 264729 264730 267753 267868 4995 52246 262237 266724 263826
---
> 23140 263237 266706 271783|23140 263237 266706 271783 271915 20015 22047 27979 28047 28319 61503 61506 61524 61526 61527 64112 64113 64121 64127 262167 262213 262256 264814 264838 264854 265656 265662 265672 265675 265757 265830 266771 266801 266830 266844 267733 267748 269828 270024 271854 265743 266852 266857 266870 269733 269877 266835 266866 263784 64131 265858 64129 52510 264806 266878 266887 269793 271803 269956 270014 267758 272031
1005c1005
< 263702 264814 265851 266771|263702 264814 265851 266771 52511 263753 264641 266795 266818 266910 267724 267746 267818 267908 269774 269925 270034 270102 271777 271839 271846 271896 267863 269947 266713
---
> 263702 264814 265851 266771|263702 264814 265851 266771 52511 263753 264641 266795 266818 266910 267724 267746 267818 267908 269774 269925 270034 270102 271777 271839 271846 271896 269947 267863 266713
1007c1007
< 262237 263702 264724 52460|262237 263702 264724 52460 52511 263753 264641 266795 266818 266910 267724 267746 267818 267908 269774 269925 270034 270102 271777 271839 271846 271896 267863 269947 266713
---
> 262237 263702 264724 52460|262237 263702 264724 52460 52511 263753 264641 266795 266818 266910 267724 267746 267818 267908 269774 269925 270034 270102 271777 271839 271846 271896 269947 267863 266713
1018c1018
< 263237 264641 265757 266870|263237 264641 265757 266870 271915 7004 20015 22047 27979 28047 28319 61503 61506 61524 61526 61527 64112 64113 64121 64127 262167 262213 262256 263702 264814 264838 264854 265656 265662 265672 265675 265830 266771 266801 266830 266844 267733 267748 269828 270024 271783 271854 7418 13424 14259 15311 16742 19338 22661 27880 52353 52396 52441 263807 265769 266726 267717 265743 266852 266857 269733 269877 13381 266835 266866 263784 52511 263753 266731 266779 266795 266803 266818 266910 267724 267746 267818 267908 269774 269925 269993 270034 270056 270102 271777 271839 271846 271869 271896 272025 64129 64131 265858 52510 264806 266878 266887 269793 269956 271803 271817 271843 27680 27901 52341 13774 14117 14708 16874 17147 18822 21753 22860 27659 27732 27746 27838 27888 27904 28044 28099 52267 52310 52411 52452 52460 52479 61492 64108 262155 262224 262228 262233 263688 264775 265644 265703 265839 266715 266776 266855 266864 266901 267728 267826 269967 271849 16629 52439 19411 27995 61483 263173 267776 267863 269947 266713 267758 270014 272031 264802 271778 52435 264664 266706 266840 267697 269944 271867 270050 263700 265831 267677 267745 267859 6429 19196 23416 27677 52230 52248 52315 264681 264707 264839 266662 266765 266881 266891 267851 267926 271788 16471 27836 6535 10778 14795 16990 25718 27735 27899 27918 27952 28098 61444 61460 61507 264636 264670 264729 264730 267753 267868 4995 52246 262237 266724 263826
---
> 263237 264641 265757 266870|263237 264641 265757 266870 271915 20015 22047 27979 28047 28319 61503 61506 61524 61526 61527 64112 64113 64121 64127 262167 262213 262256 264814 264838 264854 265656 265662 265672 265675 265830 266771 266801 266830 266844 267733 267748 269828 270024 271783 271854 265743 266852 266857 269733 269877 266835 266866 263784 64131 265858 64129 52510 264806 266878 266887 269793 271803 269956 270014 267758 272031
1058,1459d1057
< |
< |
< |
< |
< |
< |
< |
< |
< |
< |
< |
< |
< |
< |
< |
< |
< |
< |
< |
< |
< |
< |
< |
< |
< |
< |
< |
< |
< |
< |
< |
< |
< |
< |
< |
< |
< |
< |
< |
< |
< |
< |
< |
< |
< |
< |
< |
< |
< |
< |
< |
< |
< |
< |
< |
< |
< |
< |
< |
< |
< |
< |
< |
< |
< |
< |
< |
< |
< |
< |
< |
< |
< |
< |
< |
< |
< |
< |
< |
< |
< |
< |
< |
< |
< |
< |
< |
< |
< |
< |
< |
< |
< |
< |
< |
< |
< |
< |
< |
< |
< |
< |
< |
< |
< |
< |
< |
< |
< |
< |
< |
< |
< |
< |
< |
< |
< |
< |
< |
< |
< |
< |
< |
< |
< |
< |
< |
< |
< |
< |
< |
< |
< |
< |
< |
< |
< |
< |
< |
< |
< |
< |
< |
< |
< |
< |
< |
< |
< |
< |
< |
< |
< |
< |
< |
< |
< |
< |
< |
< |
< |
< |
< |
< |
< |
< |
< |
< |
< |
< |
< |
< |
< |
< |
< |
< |
< |
< |
< |
< |
< |
< |
< |
< |
< |
< |
< |
< |
< |
< |
< |
< |
< |
< |
< |
< |
< |
< |
< |
< |
< |
< |
< |
< |
< |
< |
< |
< |
< |
< |
< |
< |
< |
< |
< |
< |
< |
< |
< |
< |
< |
< |
< |
< |
< |
< |
< |
< |
< |
< |
< |
< |
< |
< |
< |
< |
< |
< |
< |
< |
< |
< |
< |
< |
< |
< |
< |
< |
< |
< |
< |
< |
< |
< |
< |
< |
< |
< |
< |
< |
< |
< |
< |
< |
< |
< |
< |
< |
< |
< |
< |
< |
< |
< |
< |
< |
< |
< |
< |
< |
< |
< |
< |
< |
< |
< |
< |
< |
< |
< |
< |
< |
< |
< |
< |
< |
< |
< |
< |
< |
< |
< |
< |
< |
< |
< |
< |
< |
< |
< |
< |
< |
< |
< |
< |
< |
< |
< |
< |
< |
< |
< |
< |
< |
< |
< |
< |
< |
< |
< |
< |
< |
< |
< |
< |
< |
< |
< |
< |
< |
< |
< |
< |
< |
< |
< |
< |
< |
< |
< |
< |
< |
< |
< |
< |
< |
< |
< |
< |
< |
< |
< |
< |
< |
< |
< |
< |
< |
< |
< |
< |
< |
< |
< |
< |
< |
< |
< |
< |
< |
< |
< |
< |
< |
< |
< |
< |
< |
< |
< |
< |
< |
< |
< |
< |
< |
< |
< |
< |
< |
< |
< |
