145c145
< 6471|6471 27856 52407 52497 263214 265714 266711 270013
---
> 6471|6471 263237 27856 52407 52497 263214 265714 266711 270013 271915 19228 20015 22047 22975 27979 28047 28096 28319 61503 61506 61524 61526 61527 64112 64113 64121 64127 262167 262213 262256 264814 264838 264854 265656 265662 265672 265675 265757 265830 266771 266801 266830 266844 267733 267748 269828 269875 270024 271783 271854 265743 266852 266857 266870 269733 269877 266835 266866 263784 64131 265858 64129 52510 264806 265851 266878 266887 269793 271803 269956 270014 267758 272031
153c153
< 27986|27986 6471 16849 27856 52407 52497 263214 265714 266711 270013
---
> 27986|27986 6471 16849 263237 27856 52407 52497 263214 265714 266711 270013 271915 19228 20015 22047 22975 27979 28047 28096 28319 61503 61506 61524 61526 61527 64112 64113 64121 64127 262167 262213 262256 263702 264814 264838 264854 265656 265662 265672 265675 265757 265830 266771 266801 266830 266844 267733 267748 269828 269875 270024 271783 271854 27651 27925 265743 266852 266857 266870 269733 269877 266835 266866 263784 7004 266731 266779 271869 272025 270056 266803 52511 263753 264641 266795 266818 266910 267724 267746 267818 267908 269774 269925 270034 270102 271777 271839 271846 271896 64131 265858 64129 52510 264806 265851 266878 266887 269793 271803 269956 271817 271843 7418 14259 19338 52441 13381 13424 15311 16742 16780 22661 27874 27880 27963 52226 52353 52396 263807 265769 266726 267717 269993 271871 267776 269947 267863 266713 270014 267758 272031 27901 52341 27680 16874 27659 28099 52411 64108 265703 266715 266776 266901 13774 17147 22860 262224 267728 14117 14708 15208 18492 18822 21753 27732 27746 27838 27853 27888 27904 28044 52267 52310 52452 52460 52479 61492 262155 262228 262233 263688 263758 264735 264775 265644 265839 266855 266864 267826 269967 271849 52439 16629 27995 19411 61483 263173 264802 271778 26623 270050 267745 267859 265831 267677 269944 52435 264664 266706 266840 267697 267894 271867 263700 264681 264707 266765 52248 52315 6429 17126 19196 23416 27677 52230 264780 264839 266662 266881 266891 266902 267851 267926 271788 27836 16471 10778 11340 61460 14795 16990 27678 25718 27735 27899 27918 264729 264730 267753 267868 6535 264636 267848 28098 27952 61444 61507 264670 271807 262237 4995 52246 26610 20191 23140 27676 27897 28116 264724 52234 52305 52304 52306 266724 263826
220c220
< 27986|27986 6471 16849 27856 52407 52497 263214 265714 266711 270013
---
> 27986|27986 6471 16849 263237 27856 52407 52497 263214 265714 266711 270013 271915 19228 20015 22047 22975 27979 28047 28096 28319 61503 61506 61524 61526 61527 64112 64113 64121 64127 262167 262213 262256 263702 264814 264838 264854 265656 265662 265672 265675 265757 265830 266771 266801 266830 266844 267733 267748 269828 269875 270024 271783 271854 27651 27925 265743 266852 266857 266870 269733 269877 266835 266866 263784 7004 266731 266779 271869 272025 270056 266803 52511 263753 264641 266795 266818 266910 267724 267746 267818 267908 269774 269925 270034 270102 271777 271839 271846 271896 64131 265858 64129 52510 264806 265851 266878 266887 269793 271803 269956 271817 271843 7418 14259 19338 52441 13381 13424 15311 16742 16780 22661 27874 27880 27963 52226 52353 52396 263807 265769 266726 267717 269993 271871 267776 269947 267863 266713 270014 267758 272031 27901 52341 27680 16874 27659 28099 52411 64108 265703 266715 266776 266901 13774 17147 22860 262224 267728 14117 14708 15208 18492 18822 21753 27732 27746 27838 27853 27888 27904 28044 52267 52310 52452 52460 52479 61492 262155 262228 262233 263688 263758 264735 264775 265644 265839 266855 266864 267826 269967 271849 52439 16629 27995 19411 61483 263173 264802 271778 26623 270050 267745 267859 265831 267677 269944 52435 264664 266706 266840 267697 267894 271867 263700 264681 264707 266765 52248 52315 6429 17126 19196 23416 27677 52230 264780 264839 266662 266881 266891 266902 267851 267926 271788 27836 16471 10778 11340 61460 14795 16990 27678 25718 27735 27899 27918 264729 264730 267753 267868 6535 264636 267848 28098 27952 61444 61507 264670 271807 262237 4995 52246 26610 20191 23140 27676 27897 28116 264724 52234 52305 52304 52306 266724 263826
360c360
< 22975 6471|22975 6471 27856 52407 52497 263214 265714 266711 270013
---
> 22975 6471|22975 6471 263237 27856 52407 52497 263214 265714 266711 270013 271915 19228 20015 22047 27979 28047 28096 28319 61503 61506 61524 61526 61527 64112 64113 64121 64127 262167 262213 262256 264814 264838 264854 265656 265662 265672 265675 265757 265830 266771 266801 266830 266844 267733 267748 269828 269875 270024 271783 271854 265743 266852 266857 266870 269733 269877 266835 266866 263784 64131 265858 64129 52510 264806 265851 266878 266887 269793 271803 269956 270014 267758 272031
368c368
< 263702 270024|263702 270024 52511 263753 264641 266795 266818 266910 267724 267746 267818 267908 269774 269925 270034 270102 271777 271839 271846 271896 267863 269947 266713
---
> 263702 270024|263702 270024 52511 263753 264641 266795 266818 266910 267724 267746 267818 267908 269774 269925 270034 270102 271777 271839 271846 271896 269947 267863 266713
433c433
< 263758 6471|263758 6471 27856 52407 52497 263214 265714 266711 270013
---
> 263758 6471|263758 6471 263237 27856 52407 52497 263214 265714 266711 270013 271915 19228 20015 22047 22975 27979 28047 28096 28319 61503 61506 61524 61526 61527 64112 64113 64121 64127 262167 262213 262256 264814 264838 264854 265656 265662 265672 265675 265757 265830 266771 266801 266830 266844 267733 267748 269828 269875 270024 271783 271854 265743 266852 266857 266870 269733 269877 266835 266866 263784 64131 265858 64129 52510 264806 265851 266878 266887 269793 271803 269956 270014 267758 272031
500c500
< 263702 28319|263702 28319 52511 263753 264641 266795 266818 266910 267724 267746 267818 267908 269774 269925 270034 270102 271777 271839 271846 271896 267863 269947 266713
---
> 263702 28319|263702 28319 52511 263753 264641 266795 266818 266910 267724 267746 267818 267908 269774 269925 270034 270102 271777 271839 271846 271896 269947 267863 266713
569c569
< 27986 28096 64113|27986 28096 64113 6471 16849 27856 52407 52497 263214 265714 266711 270013
---
> 27986 28096 64113|27986 28096 64113 6471 16849 263237 27856 52407 52497 263214 265714 266711 270013 271915 19228 20015 22047 22975 27979 28047 28319 61503 61506 61524 61526 61527 64112 64121 64127 262167 262213 262256 263702 264814 264838 264854 265656 265662 265672 265675 265757 265830 266771 266801 266830 266844 267733 267748 269828 269875 270024 271783 271854 27651 27925 265743 266852 266857 266870 269733 269877 266835 266866 263784 7004 266731 266779 271869 272025 270056 266803 52511 263753 264641 266795 266818 266910 267724 267746 267818 267908 269774 269925 270034 270102 271777 271839 271846 271896 64131 265858 64129 52510 264806 265851 266878 266887 269793 271803 269956 271817 271843 7418 14259 19338 52441 13381 13424 15311 16742 16780 22661 27874 27880 27963 52226 52353 52396 263807 265769 266726 267717 269993 271871 267776 269947 267863 266713 270014 267758 272031 27901 52341 27680 16874 27659 28099 52411 64108 265703 266715 266776 266901 13774 17147 22860 262224 267728 14117 14708 15208 18492 18822 21753 27732 27746 27838 27853 27888 27904 28044 52267 52310 52452 52460 52479 61492 262155 262228 262233 263688 263758 264735 264775 265644 265839 266855 266864 267826 269967 271849 52439 16629 27995 19411 61483 263173 264802 271778 26623 270050 267745 267859 265831 267677 269944 52435 264664 266706 266840 267697 267894 271867 263700 264681 264707 266765 52248 52315 6429 17126 19196 23416 27677 52230 264780 264839 266662 266881 266891 266902 267851 267926 271788 27836 16471 10778 11340 61460 14795 16990 27678 25718 27735 27899 27918 264729 264730 267753 267868 6535 264636 267848 28098 27952 61444 61507 264670 271807 262237 4995 52246 26610 20191 23140 27676 27897 28116 264724 52234 52305 52304 52306 266724 263826
582c582
< 264724 52510 6471|264724 52510 6471 27856 52407 52497 263214 265714 266711 270013
---
> 264724 52510 6471|264724 52510 6471 263237 27856 52407 52497 263214 265714 266711 270013 271915 19228 20015 22047 22975 27979 28047 28096 28319 61503 61506 61524 61526 61527 64112 64113 64121 64127 262167 262213 262256 264814 264838 264854 265656 265662 265672 265675 265757 265830 266771 266801 266830 266844 267733 267748 269828 269875 270024 271783 271854 265743 266852 266857 266870 269733 269877 266835 266866 263784 64131 265858 64129 264806 265851 266878 266887 269793 271803 269956 270014 267758 272031
615c615
< 263702 264707 61507|263702 264707 61507 52511 263753 264641 266795 266818 266910 267724 267746 267818 267908 269774 269925 270034 270102 271777 271839 271846 271896 267863 269947 266713
---
> 263702 264707 61507|263702 264707 61507 52511 263753 264641 266795 266818 266910 267724 267746 267818 267908 269774 269925 270034 270102 271777 271839 271846 271896 269947 267863 266713
654c654
< 16471 267697 27986|16471 267697 27986 6471 16849 27856 52407 52497 263214 265714 266711 270013
---
> 16471 267697 27986|16471 267697 27986 6471 16849 263237 27856 52407 52497 263214 265714 266711 270013 271915 19228 20015 22047 22975 27979 28047 28096 28319 61503 61506 61524 61526 61527 64112 64113 64121 64127 262167 262213 262256 263702 264814 264838 264854 265656 265662 265672 265675 265757 265830 266771 266801 266830 266844 267733 267748 269828 269875 270024 271783 271854 27651 27925 265743 266852 266857 266870 269733 269877 266835 266866 263784 7004 266731 266779 271869 272025 270056 266803 52511 263753 264641 266795 266818 266910 267724 267746 267818 267908 269774 269925 270034 270102 271777 271839 271846 271896 64131 265858 64129 52510 264806 265851 266878 266887 269793 271803 269956 271817 271843 7418 14259 19338 52441 13381 13424 15311 16742 16780 22661 27874 27880 27963 52226 52353 52396 263807 265769 266726 267717 269993 271871 267776 269947 267863 266713 270014 267758 272031 27901 52341 27680 16874 27659 28099 52411 64108 265703 266715 266776 266901 13774 17147 22860 262224 267728 14117 14708 15208 18492 18822 21753 27732 27746 27838 27853 27888 27904 28044 52267 52310 52452 52460 52479 61492 262155 262228 262233 263688 263758 264735 264775 265644 265839 266855 266864 267826 269967 271849 52439 16629 27995 19411 61483 263173 264802 271778 26623 270050 267745 267859 265831 267677 269944 52435 264664 266706 266840 267894 271867 263700 264681 264707 266765 52248 52315 6429 17126 19196 23416 27677 52230 264780 264839 266662 266881 266891 266902 267851 267926 271788 27836 10778 11340 61460 14795 16990 27678 25718 27735 27899 27918 264729 264730 267753 267868 6535 264636 267848 28098 27952 61444 61507 264670 271807 262237 4995 52246 26610 20191 23140 27676 27897 28116 264724 52234 52305 52304 52306 266724 263826
687c687
< 266795 271915 27986|266795 271915 27986 6471 16849 27856 52407 52497 263214 265714 266711 270013
---
> 266795 271915 27986|266795 271915 27986 6471 16849 263237 27856 52407 52497 263214 265714 266711 270013 19228 20015 22047 22975 27979 28047 28096 28319 61503 61506 61524 61526 61527 64112 64113 64121 64127 262167 262213 262256 263702 264814 264838 264854 265656 265662 265672 265675 265757 265830 266771 266801 266830 266844 267733 267748 269828 269875 270024 271783 271854 27651 27925 265743 266852 266857 266870 269733 269877 266835 266866 263784 7004 266731 266779 271869 272025 270056 266803 52511 263753 264641 266818 266910 267724 267746 267818 267908 269774 269925 270034 270102 271777 271839 271846 271896 64131 265858 64129 52510 264806 265851 266878 266887 269793 271803 269956 271817 271843 7418 14259 19338 52441 13381 13424 15311 16742 16780 22661 27874 27880 27963 52226 52353 52396 263807 265769 266726 267717 269993 271871 267776 269947 267863 266713 270014 267758 272031 27901 52341 27680 16874 27659 28099 52411 64108 265703 266715 266776 266901 13774 17147 22860 262224 267728 14117 14708 15208 18492 18822 21753 27732 27746 27838 27853 27888 27904 28044 52267 52310 52452 52460 52479 61492 262155 262228 262233 263688 263758 264735 264775 265644 265839 266855 266864 267826 269967 271849 52439 16629 27995 19411 61483 263173 264802 271778 26623 270050 267745 267859 265831 267677 269944 52435 264664 266706 266840 267697 267894 271867 263700 264681 264707 266765 52248 52315 6429 17126 19196 23416 27677 52230 264780 264839 266662 266881 266891 266902 267851 267926 271788 27836 16471 10778 11340 61460 14795 16990 27678 25718 27735 27899 27918 264729 264730 267753 267868 6535 264636 267848 28098 27952 61444 61507 264670 271807 262237 4995 52246 26610 20191 23140 27676 27897 28116 264724 52234 52305 52304 52306 266724 263826
706c706
< 264814 272031 27986|264814 272031 27986 6471 16849 27856 52407 52497 263214 265714 266711 270013
---
> 264814 272031 27986|264814 272031 27986 6471 16849 263237 27856 52407 52497 263214 265714 266711 270013 271915 19228 20015 22047 22975 27979 28047 28096 28319 61503 61506 61524 61526 61527 64112 64113 64121 64127 262167 262213 262256 263702 264838 264854 265656 265662 265672 265675 265757 265830 266771 266801 266830 266844 267733 267748 269828 269875 270024 271783 271854 27651 27925 265743 266852 266857 266870 269733 269877 266835 266866 263784 7004 266731 266779 271869 272025 270056 266803 52511 263753 264641 266795 266818 266910 267724 267746 267818 267908 269774 269925 270034 270102 271777 271839 271846 271896 64131 265858 64129 52510 264806 265851 266878 266887 269793 271803 269956 271817 271843 7418 14259 19338 52441 13381 13424 15311 16742 16780 22661 27874 27880 27963 52226 52353 52396 263807 265769 266726 267717 269993 271871 267776 269947 267863 266713 270014 267758 27901 52341 27680 16874 27659 28099 52411 64108 265703 266715 266776 266901 13774 17147 22860 262224 267728 14117 14708 15208 18492 18822 21753 27732 27746 27838 27853 27888 27904 28044 52267 52310 52452 52460 52479 61492 262155 262228 262233 263688 263758 264735 264775 265644 265839 266855 266864 267826 269967 271849 52439 16629 27995 19411 61483 263173 264802 271778 26623 270050 267745 267859 265831 267677 269944 52435 264664 266706 266840 267697 267894 271867 263700 264681 264707 266765 52248 52315 6429 17126 19196 23416 27677 52230 264780 264839 266662 266881 266891 266902 267851 267926 271788 27836 16471 10778 11340 61460 14795 16990 27678 25718 27735 27899 27918 264729 264730 267753 267868 6535 264636 267848 28098 27952 61444 61507 264670 271807 262237 4995 52246 26610 20191 23140 27676 27897 28116 264724 52234 52305 52304 52306 266724 263826
712c712
< 19196 265858 27986|19196 265858 27986 6471 16849 27856 52407 52497 263214 265714 266711 270013
---
> 19196 265858 27986|19196 265858 27986 6471 16849 263237 27856 52407 52497 263214 265714 266711 270013 271915 19228 20015 22047 22975 27979 28047 28096 28319 61503 61506 61524 61526 61527 64112 64113 64121 64127 262167 262213 262256 263702 264814 264838 264854 265656 265662 265672 265675 265757 265830 266771 266801 266830 266844 267733 267748 269828 269875 270024 271783 271854 27651 27925 265743 266852 266857 266870 269733 269877 266835 266866 263784 7004 266731 266779 271869 272025 270056 266803 52511 263753 264641 266795 266818 266910 267724 267746 267818 267908 269774 269925 270034 270102 271777 271839 271846 271896 64131 64129 52510 264806 265851 266878 266887 269793 271803 269956 271817 271843 7418 14259 19338 52441 13381 13424 15311 16742 16780 22661 27874 27880 27963 52226 52353 52396 263807 265769 266726 267717 269993 271871 267776 269947 267863 266713 270014 267758 272031 27901 52341 27680 16874 27659 28099 52411 64108 265703 266715 266776 266901 13774 17147 22860 262224 267728 14117 14708 15208 18492 18822 21753 27732 27746 27838 27853 27888 27904 28044 52267 52310 52452 52460 52479 61492 262155 262228 262233 263688 263758 264735 264775 265644 265839 266855 266864 267826 269967 271849 52439 16629 27995 19411 61483 263173 264802 271778 26623 270050 267745 267859 265831 267677 269944 52435 264664 266706 266840 267697 267894 271867 263700 264681 264707 266765 52248 52315 6429 17126 23416 27677 52230 264780 264839 266662 266881 266891 266902 267851 267926 271788 27836 16471 10778 11340 61460 14795 16990 27678 25718 27735 27899 27918 264729 264730 267753 267868 6535 264636 267848 28098 27952 61444 61507 264670 271807 262237 4995 52246 26610 20191 23140 27676 27897 28116 264724 52234 52305 52304 52306 266724 263826
750c750
< 18492 52460 6471|18492 52460 6471 27856 52407 52497 263214 265714 266711 270013
---
> 18492 52460 6471|18492 52460 6471 263237 27856 52407 52497 263214 265714 266711 270013 271915 19228 20015 22047 22975 27979 28047 28096 28319 61503 61506 61524 61526 61527 64112 64113 64121 64127 262167 262213 262256 264814 264838 264854 265656 265662 265672 265675 265757 265830 266771 266801 266830 266844 267733 267748 269828 269875 270024 271783 271854 265743 266852 266857 266870 269733 269877 266835 266866 263784 64131 265858 64129 52510 264806 265851 266878 266887 269793 271803 269956 270014 267758 272031
782c782
< 263702 266910 52267|263702 266910 52267 52511 263753 264641 266795 266818 267724 267746 267818 267908 269774 269925 270034 270102 271777 271839 271846 271896 267863 269947 266713
---
> 263702 266910 52267|263702 266910 52267 52511 263753 264641 266795 266818 267724 267746 267818 267908 269774 269925 270034 270102 271777 271839 271846 271896 269947 267863 266713
825c825
< 266818 266835 27986 52315|266818 266835 27986 52315 6471 16849 27856 52407 52497 263214 265714 266711 270013
---
> 266818 266835 27986 52315|266818 266835 27986 52315 6471 16849 263237 27856 52407 52497 263214 265714 266711 270013 271915 19228 20015 22047 22975 27979 28047 28096 28319 61503 61506 61524 61526 61527 64112 64113 64121 64127 262167 262213 262256 263702 264814 264838 264854 265656 265662 265672 265675 265757 265830 266771 266801 266830 266844 267733 267748 269828 269875 270024 271783 271854 27651 27925 265743 266852 266857 266870 269733 269877 266866 263784 7004 266731 266779 271869 272025 270056 266803 52511 263753 264641 266795 266910 267724 267746 267818 267908 269774 269925 270034 270102 271777 271839 271846 271896 64131 265858 64129 52510 264806 265851 266878 266887 269793 271803 269956 271817 271843 7418 14259 19338 52441 13381 13424 15311 16742 16780 22661 27874 27880 27963 52226 52353 52396 263807 265769 266726 267717 269993 271871 267776 269947 267863 266713 270014 267758 272031 27901 52341 27680 16874 27659 28099 52411 64108 265703 266715 266776 266901 13774 17147 22860 262224 267728 14117 14708 15208 18492 18822 21753 27732 27746 27838 27853 27888 27904 28044 52267 52310 52452 52460 52479 61492 262155 262228 262233 263688 263758 264735 264775 265644 265839 266855 266864 267826 269967 271849 52439 16629 27995 19411 61483 263173 264802 271778 26623 270050 267745 267859 265831 267677 269944 52435 264664 266706 266840 267697 267894 271867 263700 264681 264707 266765 52248 6429 17126 19196 23416 27677 52230 264780 264839 266662 266881 266891 266902 267851 267926 271788 27836 16471 10778 11340 61460 14795 16990 27678 25718 27735 27899 27918 264729 264730 267753 267868 6535 264636 267848 28098 27952 61444 61507 264670 271807 262237 4995 52246 26610 20191 23140 27676 27897 28116 264724 52234 52305 52304 52306 266724 263826
839c839
< 21753 262155 270050 6471|21753 262155 270050 6471 27856 52407 52497 263214 265714 266711 270013
---
> 21753 262155 270050 6471|21753 262155 270050 6471 263237 27856 52407 52497 263214 265714 266711 270013 271915 19228 20015 22047 22975 27979 28047 28096 28319 61503 61506 61524 61526 61527 64112 64113 64121 64127 262167 262213 262256 264814 264838 264854 265656 265662 265672 265675 265757 265830 266771 266801 266830 266844 267733 267748 269828 269875 270024 271783 271854 265743 266852 266857 266870 269733 269877 266835 266866 263784 64131 265858 64129 52510 264806 265851 266878 266887 269793 271803 269956 270014 267758 272031
874c874
< 269944 271896 27651 6471|269944 271896 27651 6471 27856 52407 52497 263214 265714 266711 270013
---
> 269944 271896 27651 6471|269944 271896 27651 6471 263237 27856 52407 52497 263214 265714 266711 270013 271915 19228 20015 22047 22975 27979 28047 28096 28319 61503 61506 61524 61526 61527 64112 64113 64121 64127 262167 262213 262256 264814 264838 264854 265656 265662 265672 265675 265757 265830 266771 266801 266830 266844 267733 267748 269828 269875 270024 271783 271854 265743 266852 266857 266870 269733 269877 266835 266866 263784 64131 265858 64129 52510 264806 265851 266878 266887 269793 271803 269956 270014 267758 272031
877c877
< 19228 265656 52411 6471|19228 265656 52411 6471 27856 52407 52497 263214 265714 266711 270013
---
> 19228 265656 52411 6471|19228 265656 52411 6471 263237 27856 52407 52497 263214 265714 266711 270013 271915 20015 22047 22975 27979 28047 28096 28319 61503 61506 61524 61526 61527 64112 64113 64121 64127 262167 262213 262256 264814 264838 264854 265662 265672 265675 265757 265830 266771 266801 266830 266844 267733 267748 269828 269875 270024 271783 271854 265743 266852 266857 266870 269733 269877 266835 266866 263784 64131 265858 64129 52510 264806 265851 266878 266887 269793 271803 269956 270014 267758 272031
885c885
< 23416 265656 61460 6471|23416 265656 61460 6471 27856 52407 52497 263214 265714 266711 270013
---
> 23416 265656 61460 6471|23416 265656 61460 6471 263237 27856 52407 52497 263214 265714 266711 270013 271915 19228 20015 22047 22975 27979 28047 28096 28319 61503 61506 61524 61526 61527 64112 64113 64121 64127 262167 262213 262256 264814 264838 264854 265662 265672 265675 265757 265830 266771 266801 266830 266844 267733 267748 269828 269875 270024 271783 271854 265743 266852 266857 266870 269733 269877 266835 266866 263784 64131 265858 64129 52510 264806 265851 266878 266887 269793 271803 269956 270014 267758 272031
920c920
< 264775 269993 27986 6429|264775 269993 27986 6429 6471 16849 27952 61444 61507 264670 27856 52407 52497 263214 265714 266711 270013 271807
---
> 264775 269993 27986 6429|264775 269993 27986 6429 6471 16849 27952 61444 61507 264670 263237 271807 27856 52407 52497 263214 265714 266711 270013 271915 19228 20015 22047 22975 27979 28047 28096 28319 61460 61503 61506 61524 61526 61527 64112 64113 64121 64127 262167 262213 262256 263702 264814 264838 264854 265656 265662 265672 265675 265757 265830 266771 266801 266830 266844 267733 267748 269828 269875 270024 271783 271854 27651 27925 265743 266852 266857 266870 269733 269877 266835 266866 263784 7004 266731 266779 271869 272025 270056 266803 52511 263753 264641 266795 266818 266910 267724 267746 267818 267908 269774 269925 270034 270102 271777 271839 271846 271896 64131 265858 64129 52510 264806 265851 266878 266887 269793 271803 269956 271817 271843 7418 10778 14259 19338 52441 13381 13424 15311 16742 16780 22661 27874 27880 27963 52226 52353 52396 263807 265769 266726 267717 271871 267776 269947 267863 266713 270014 267758 272031 27901 52341 27680 262237 4995 52246 16874 27659 28099 52411 64108 265703 266715 266776 266901 13774 16990 17147 22860 27678 262224 267728 14117 14708 15208 18492 18822 21753 25718 27732 27735 27746 27838 27853 27888 27899 27904 27918 28044 52267 52310 52452 52460 52479 61492 262155 262228 262233 263688 263758 264730 264735 265644 265839 266855 266864 267753 267826 267868 269967 271849 6535 52439 264636 16629 14795 27995 19411 28098 61483 263173 264802 271778 263826 26623 270050 267745 267859 265831 267677 52234 52305 52304 52306 269944 52435 264664 266706 266840 267697 267894 271867 263700 11340 264681 264707 266765 52248 52315 264729 17126 19196 23416 27677 52230 264780 264839 266662 266881 266891 266902 267848 267851 267926 271788 27836 16471 266724 26610 20191 23140 27676 27897 28116 264724
925c925
< 263702 264839 266726 52246|263702 264839 266726 52246 52511 263753 264641 266795 266818 266910 267724 267746 267818 267908 269774 269925 270034 270102 271777 271839 271846 271896 267863 269947 266713
---
> 263702 264839 266726 52246|263702 264839 266726 52246 52511 263753 264641 266795 266818 266910 267724 267746 267818 267908 269774 269925 270034 270102 271777 271839 271846 271896 269947 267863 266713
953c953
< 14708 263702 27904 61527|14708 263702 27904 61527 52511 263753 264641 266795 266818 266910 267724 267746 267818 267908 269774 269925 270034 270102 271777 271839 271846 271896 266803 266866 267863 269947 266713
---
> 14708 263702 27904 61527|14708 263702 27904 61527 52511 263753 264641 266795 266818 266910 267724 267746 267818 267908 269774 269925 270034 270102 271777 271839 271846 271896 266803 266866 269947 267863 266713
956c956
< 262213 272025 27986 52441|262213 272025 27986 52441 6471 16849 27856 52407 52497 263214 265714 266711 270013
---
> 262213 272025 27986 52441|262213 272025 27986 52441 6471 16849 263237 27856 52407 52497 263214 265714 266711 270013 271915 19228 20015 22047 22975 27979 28047 28096 28319 61503 61506 61524 61526 61527 64112 64113 64121 64127 262167 262256 263702 264814 264838 264854 265656 265662 265672 265675 265757 265830 266771 266801 266830 266844 267733 267748 269828 269875 270024 271783 271854 27651 27925 265743 266852 266857 266870 269733 269877 266835 266866 263784 7004 266731 266779 271869 270056 266803 52511 263753 264641 266795 266818 266910 267724 267746 267818 267908 269774 269925 270034 270102 271777 271839 271846 271896 64131 265858 64129 52510 264806 265851 266878 266887 269793 271803 269956 271817 271843 7418 14259 19338 13381 13424 15311 16742 16780 22661 27874 27880 27963 52226 52353 52396 263807 265769 266726 267717 269993 271871 267776 269947 267863 266713 270014 267758 272031 27901 52341 27680 16874 27659 28099 52411 64108 265703 266715 266776 266901 13774 17147 22860 262224 267728 14117 14708 15208 18492 18822 21753 27732 27746 27838 27853 27888 27904 28044 52267 52310 52452 52460 52479 61492 262155 262228 262233 263688 263758 264735 264775 265644 265839 266855 266864 267826 269967 271849 52439 16629 27995 19411 61483 263173 264802 271778 26623 270050 267745 267859 265831 267677 269944 52435 264664 266706 266840 267697 267894 271867 263700 264681 264707 266765 52248 52315 6429 17126 19196 23416 27677 52230 264780 264839 266662 266881 266891 266902 267851 267926 271788 27836 16471 10778 11340 61460 14795 16990 27678 25718 27735 27899 27918 264729 264730 267753 267868 6535 264636 267848 28098 27952 61444 61507 264670 271807 262237 4995 52246 26610 20191 23140 27676 27897 28116 264724 52234 52305 52304 52306 266724 263826
974c974
< 13424 264664 267868 27986|13424 264664 267868 27986 6471 16849 27856 52407 52497 263214 265714 266711 270013
---
> 13424 264664 267868 27986|13424 264664 267868 27986 6471 16849 263237 27856 52407 52497 263214 265714 266711 270013 271915 19228 20015 22047 22975 27979 28047 28096 28319 61503 61506 61524 61526 61527 64112 64113 64121 64127 262167 262213 262256 263702 264814 264838 264854 265656 265662 265672 265675 265757 265830 266771 266801 266830 266844 267733 267748 269828 269875 270024 271783 271854 27651 27925 265743 266852 266857 266870 269733 269877 266835 266866 263784 7004 266731 266779 271869 272025 270056 266803 52511 263753 264641 266795 266818 266910 267724 267746 267818 267908 269774 269925 270034 270102 271777 271839 271846 271896 64131 265858 64129 52510 264806 265851 266878 266887 269793 271803 269956 271817 271843 7418 14259 19338 52441 13381 15311 16742 16780 22661 27874 27880 27963 52226 52353 52396 263807 265769 266726 267717 269993 271871 267776 269947 267863 266713 270014 267758 272031 27901 52341 27680 16874 27659 28099 52411 64108 265703 266715 266776 266901 13774 17147 22860 262224 267728 14117 14708 15208 18492 18822 21753 27732 27746 27838 27853 27888 27904 28044 52267 52310 52452 52460 52479 61492 262155 262228 262233 263688 263758 264735 264775 265644 265839 266855 266864 267826 269967 271849 52439 16629 27995 19411 61483 263173 264802 271778 26623 270050 267745 267859 265831 267677 269944 52435 266706 266840 267697 267894 271867 263700 264681 264707 266765 52248 52315 6429 17126 19196 23416 27677 52230 264780 264839 266662 266881 266891 266902 267851 267926 271788 27836 16471 10778 11340 61460 14795 16990 27678 25718 27735 27899 27918 264729 264730 267753 6535 264636 267848 28098 27952 61444 61507 264670 271807 262237 4995 52246 26610 20191 23140 27676 27897 28116 264724 52234 52305 52304 52306 266724 263826
992c992
< 264735 27746 27952 6471|264735 27746 27952 6471 27856 52407 52497 263214 265714 266711 270013
---
> 264735 27746 27952 6471|264735 27746 27952 6471 263237 27856 52407 52497 263214 265714 266711 270013 271915 19228 20015 22047 22975 27979 28047 28096 28319 61503 61506 61524 61526 61527 64112 64113 64121 64127 262167 262213 262256 264814 264838 264854 265656 265662 265672 265675 265757 265830 266771 266801 266830 266844 267733 267748 269828 269875 270024 271783 271854 265743 266852 266857 266870 269733 269877 266835 266866 263784 64131 265858 64129 52510 264806 265851 266878 266887 269793 271803 269956 270014 267758 272031
1038c1038
< 16849 263702 271871 52341|16849 263702 271871 52341 52511 263753 264641 266795 266818 266910 267724 267746 267818 267908 269774 269925 270034 270102 271777 271839 271846 271896 267863 269947 266713
---
> 16849 263702 271871 52341|16849 263702 271871 52341 52511 263753 264641 266795 266818 266910 267724 267746 267818 267908 269774 269925 270034 270102 271777 271839 271846 271896 269947 267863 266713
1058,1458d1057
< |
< |
< |
< |
< |
< |
< |
< |
< |
< |
< |
< |
< |
< |
< |
< |
< |
< |
< |
< |
< |
< |
< |
< |
< |
< |
< |
< |
< |
< |
< |
< |
< |
< |
< |
< |
< |
< |
< |
< |
< |
< |
< |
< |
< |
< |
< |
< |
< |
< |
< |
< |
< |
< |
< |
< |
< |
< |
< |
< |
< |
< |
< |
< |
< |
< |
< |
< |
< |
< |
< |
< |
< |
< |
< |
< |
< |
< |
< |
< |
< |
< |
< |
< |
< |
< |
< |
< |
< |
< |
< |
< |
< |
< |
< |
< |
< |
< |
< |
< |
< |
< |
< |
< |
< |
< |
< |
< |
< |
< |
< |
< |
< |
< |
< |
< |
< |
< |
< |
< |
< |
< |
< |
< |
< |
< |
< |
< |
< |
< |
< |
< |
< |
< |
< |
< |
< |
< |
< |
< |
< |
< |
< |
< |
< |
< |
< |
< |
< |
< |
< |
< |
< |
< |
< |
< |
< |
< |
< |
< |
< |
< |
< |
< |
< |
< |
< |
< |
< |
< |
< |
< |
< |
< |
< |
< |
< |
< |
< |
< |
< |
< |
< |
< |
< |
< |
< |
< |
< |
< |
< |
< |
< |
< |
< |
< |
< |
< |
< |
< |
< |
< |
< |
< |
< |
< |
< |
< |
< |
< |
< |
< |
< |
< |
< |
< |
< |
< |
< |
< |
< |
< |
< |
< |
< |
< |
< |
< |
< |
< |
< |
< |
< |
< |
< |
< |
< |
< |
< |
< |
< |
< |
< |
< |
< |
< |
< |
< |
< |
< |
< |
< |
< |
< |
< |
< |
< |
< |
< |
< |
< |
< |
< |
< |
< |
< |
< |
< |
< |
< |
< |
< |
< |
< |
< |
< |
< |
< |
< |
< |
< |
< |
< |
< |
< |
< |
< |
< |
< |
< |
< |
< |
< |
< |
< |
< |
< |
< |
< |
< |
< |
< |
< |
< |
< |
< |
< |
< |
< |
< |
< |
< |
< |
< |
< |
< |
< |
< |
< |
< |
< |
< |
< |
< |
< |
< |
< |
< |
< |
< |
< |
< |
< |
< |
< |
< |
< |
< |
< |
< |
< |
< |
< |
< |
< |
< |
< |
< |
< |
< |
< |
< |
< |
< |
< |
< |
< |
< |
< |
< |
< |
< |
< |
< |
< |
< |
< |
< |
< |
< |
< |
< |
< |
< |
< |
< |
< |
< |
< |
< |
< |
< |
< |
< |
< |
< |
< |
< |
< |
< |
< |
< |
< |
< |
< |
< |
< |
< |
< |
< |
< |
